# JRE version: OpenJDK Runtime Environment (8.0_242-b01) (build 1.8.0_242-release-1644-b01)
# Java VM: OpenJDK 64-Bit Server VM (25.242-b01 mixed mode windows-amd64 compressed oops)
Heap:
 PSYoungGen      total 436224K, used 14854K [0x00000000d5580000, 0x00000000f4600000, 0x0000000100000000)
  eden space 410112K, 0% used [0x00000000d5580000,0x00000000d5580000,0x00000000ee600000)
  from space 26112K, 56% used [0x00000000ee600000,0x00000000ef481b78,0x00000000eff80000)
  to   space 25600K, 0% used [0x00000000f2d00000,0x00000000f2d00000,0x00000000f4600000)
 ParOldGen       total 96256K, used 67393K [0x0000000080000000, 0x0000000085e00000, 0x00000000d5580000)
  object space 96256K, 70% used [0x0000000080000000,0x00000000841d0548,0x0000000085e00000)
 Metaspace       used 93452K, capacity 98436K, committed 98584K, reserved 1134592K
  class space    used 12038K, capacity 12989K, committed 13096K, reserved 1048576K
GC Heap History (10 events):
Event: 54.927 GC heap after
Heap after GC invocations=16 (full 3):
 PSYoungGen      total 282112K, used 21101K [0x00000000d5580000, 0x00000000ecd80000, 0x0000000100000000)
  eden space 260608K, 0% used [0x00000000d5580000,0x00000000d5580000,0x00000000e5400000)
  from space 21504K, 98% used [0x00000000e5400000,0x00000000e689b748,0x00000000e6900000)
  to   space 24576K, 0% used [0x00000000eb580000,0x00000000eb580000,0x00000000ecd80000)
 ParOldGen       total 96256K, used 47746K [0x0000000080000000, 0x0000000085e00000, 0x00000000d5580000)
  object space 96256K, 49% used [0x0000000080000000,0x0000000082ea0a28,0x0000000085e00000)
 Metaspace       used 76562K, capacity 79800K, committed 80024K, reserved 1118208K
  class space    used 10162K, capacity 10833K, committed 10920K, reserved 1048576K
}
Event: 88.688 GC heap before
{Heap before GC invocations=17 (full 3):
 PSYoungGen      total 282112K, used 281709K [0x00000000d5580000, 0x00000000ecd80000, 0x0000000100000000)
  eden space 260608K, 100% used [0x00000000d5580000,0x00000000e5400000,0x00000000e5400000)
  from space 21504K, 98% used [0x00000000e5400000,0x00000000e689b748,0x00000000e6900000)
  to   space 24576K, 0% used [0x00000000eb580000,0x00000000eb580000,0x00000000ecd80000)
 ParOldGen       total 96256K, used 47746K [0x0000000080000000, 0x0000000085e00000, 0x00000000d5580000)
  object space 96256K, 49% used [0x0000000080000000,0x0000000082ea0a28,0x0000000085e00000)
 Metaspace       used 82397K, capacity 86216K, committed 86424K, reserved 1124352K
  class space    used 10838K, capacity 11587K, committed 11688K, reserved 1048576K
Event: 88.732 GC heap after
Heap after GC invocations=17 (full 3):
 PSYoungGen      total 359936K, used 15889K [0x00000000d5580000, 0x00000000ece00000, 0x0000000100000000)
  eden space 335360K, 0% used [0x00000000d5580000,0x00000000d5580000,0x00000000e9d00000)
  from space 24576K, 64% used [0x00000000eb580000,0x00000000ec504480,0x00000000ecd80000)
  to   space 25088K, 0% used [0x00000000e9d00000,0x00000000e9d00000,0x00000000eb580000)
 ParOldGen       total 96256K, used 55977K [0x0000000080000000, 0x0000000085e00000, 0x00000000d5580000)
  object space 96256K, 58% used [0x0000000080000000,0x00000000836aa518,0x0000000085e00000)
 Metaspace       used 82397K, capacity 86216K, committed 86424K, reserved 1124352K
  class space    used 10838K, capacity 11587K, committed 11688K, reserved 1048576K
}
Event: 101.678 GC heap before
{Heap before GC invocations=18 (full 3):
 PSYoungGen      total 359936K, used 351249K [0x00000000d5580000, 0x00000000ece00000, 0x0000000100000000)
  eden space 335360K, 100% used [0x00000000d5580000,0x00000000e9d00000,0x00000000e9d00000)
  from space 24576K, 64% used [0x00000000eb580000,0x00000000ec504480,0x00000000ecd80000)
  to   space 25088K, 0% used [0x00000000e9d00000,0x00000000e9d00000,0x00000000eb580000)
 ParOldGen       total 96256K, used 55977K [0x0000000080000000, 0x0000000085e00000, 0x00000000d5580000)
  object space 96256K, 58% used [0x0000000080000000,0x00000000836aa518,0x0000000085e00000)
 Metaspace       used 88466K, capacity 92558K, committed 92696K, reserved 1130496K
  class space    used 11440K, capacity 12256K, committed 12328K, reserved 1048576K
Event: 101.702 GC heap after
Heap after GC invocations=18 (full 3):
 PSYoungGen      total 360448K, used 6485K [0x00000000d5580000, 0x00000000f1e80000, 0x0000000100000000)
  eden space 335360K, 0% used [0x00000000d5580000,0x00000000d5580000,0x00000000e9d00000)
  from space 25088K, 25% used [0x00000000e9d00000,0x00000000ea355450,0x00000000eb580000)
  to   space 24576K, 0% used [0x00000000f0680000,0x00000000f0680000,0x00000000f1e80000)
 ParOldGen       total 96256K, used 67377K [0x0000000080000000, 0x0000000085e00000, 0x00000000d5580000)
  object space 96256K, 69% used [0x0000000080000000,0x00000000841cc548,0x0000000085e00000)
 Metaspace       used 88466K, capacity 92558K, committed 92696K, reserved 1130496K
  class space    used 11440K, capacity 12256K, committed 12328K, reserved 1048576K
}
Event: 135.688 GC heap before
{Heap before GC invocations=19 (full 3):
 PSYoungGen      total 360448K, used 341845K [0x00000000d5580000, 0x00000000f1e80000, 0x0000000100000000)
  eden space 335360K, 100% used [0x00000000d5580000,0x00000000e9d00000,0x00000000e9d00000)
  from space 25088K, 25% used [0x00000000e9d00000,0x00000000ea355450,0x00000000eb580000)
  to   space 24576K, 0% used [0x00000000f0680000,0x00000000f0680000,0x00000000f1e80000)
 ParOldGen       total 96256K, used 67377K [0x0000000080000000, 0x0000000085e00000, 0x00000000d5580000)
  object space 96256K, 69% used [0x0000000080000000,0x00000000841cc548,0x0000000085e00000)
 Metaspace       used 93155K, capacity 98098K, committed 98328K, reserved 1134592K
  class space    used 12035K, capacity 12986K, committed 13096K, reserved 1048576K
Event: 135.724 GC heap after
Heap after GC invocations=19 (full 3):
 PSYoungGen      total 424960K, used 18804K [0x00000000d5580000, 0x00000000f1900000, 0x0000000100000000)
  eden space 406016K, 0% used [0x00000000d5580000,0x00000000d5580000,0x00000000ee200000)
  from space 18944K, 99% used [0x00000000f0680000,0x00000000f18dd1a0,0x00000000f1900000)
  to   space 26112K, 0% used [0x00000000ee600000,0x00000000ee600000,0x00000000eff80000)
 ParOldGen       total 96256K, used 67385K [0x0000000080000000, 0x0000000085e00000, 0x00000000d5580000)
  object space 96256K, 70% used [0x0000000080000000,0x00000000841ce548,0x0000000085e00000)
 Metaspace       used 93155K, capacity 98098K, committed 98328K, reserved 1134592K
  class space    used 12035K, capacity 12986K, committed 13096K, reserved 1048576K
}
Event: 139.772 GC heap before
{Heap before GC invocations=20 (full 3):
 PSYoungGen      total 424960K, used 248759K [0x00000000d5580000, 0x00000000f1900000, 0x0000000100000000)
  eden space 406016K, 56% used [0x00000000d5580000,0x00000000e3610bc0,0x00000000ee200000)
  from space 18944K, 99% used [0x00000000f0680000,0x00000000f18dd1a0,0x00000000f1900000)
  to   space 26112K, 0% used [0x00000000ee600000,0x00000000ee600000,0x00000000eff80000)
 ParOldGen       total 96256K, used 67385K [0x0000000080000000, 0x0000000085e00000, 0x00000000d5580000)
  object space 96256K, 70% used [0x0000000080000000,0x00000000841ce548,0x0000000085e00000)
 Metaspace       used 93452K, capacity 98436K, committed 98584K, reserved 1134592K
  class space    used 12038K, capacity 12989K, committed 13096K, reserved 1048576K
Event: 139.796 GC heap after
Heap after GC invocations=20 (full 3):
 PSYoungGen      total 436224K, used 14854K [0x00000000d5580000, 0x00000000f4600000, 0x0000000100000000)
  eden space 410112K, 0% used [0x00000000d5580000,0x00000000d5580000,0x00000000ee600000)
  from space 26112K, 56% used [0x00000000ee600000,0x00000000ef481b78,0x00000000eff80000)
  to   space 25600K, 0% used [0x00000000f2d00000,0x00000000f2d00000,0x00000000f4600000)
 ParOldGen       total 96256K, used 67393K [0x0000000080000000, 0x0000000085e00000, 0x00000000d5580000)
  object space 96256K, 70% used [0x0000000080000000,0x00000000841d0548,0x0000000085e00000)
 Metaspace       used 93452K, capacity 98436K, committed 98584K, reserved 1134592K
  class space    used 12038K, capacity 12989K, committed 13096K, reserved 1048576K
}
Event: 139.796 GC heap before
{Heap before GC invocations=21 (full 4):
 PSYoungGen      total 436224K, used 14854K [0x00000000d5580000, 0x00000000f4600000, 0x0000000100000000)
  eden space 410112K, 0% used [0x00000000d5580000,0x00000000d5580000,0x00000000ee600000)
  from space 26112K, 56% used [0x00000000ee600000,0x00000000ef481b78,0x00000000eff80000)
  to   space 25600K, 0% used [0x00000000f2d00000,0x00000000f2d00000,0x00000000f4600000)
 ParOldGen       total 96256K, used 67393K [0x0000000080000000, 0x0000000085e00000, 0x00000000d5580000)
  object space 96256K, 70% used [0x0000000080000000,0x00000000841d0548,0x0000000085e00000)
 Metaspace       used 93452K, capacity 98436K, committed 98584K, reserved 1134592K
  class space    used 12038K, capacity 12989K, committed 13096K, reserved 1048576K

