# JRE version: OpenJDK Runtime Environment (8.0_242-b01) (build 1.8.0_242-release-1644-b01)
# Java VM: OpenJDK 64-Bit Server VM (25.242-b01 mixed mode windows-amd64 compressed oops)
Heap:
 PSYoungGen      total 113664K, used 9519K [0x00000000d5580000, 0x00000000df500000, 0x0000000100000000)
  eden space 101888K, 0% used [0x00000000d5580000,0x00000000d5580000,0x00000000db900000)
  from space 11776K, 80% used [0x00000000db900000,0x00000000dc24bd70,0x00000000dc480000)
  to   space 12288K, 0% used [0x00000000de900000,0x00000000de900000,0x00000000df500000)
 ParOldGen       total 58880K, used 8881K [0x0000000080000000, 0x0000000083980000, 0x00000000d5580000)
  object space 58880K, 15% used [0x0000000080000000,0x00000000808ac4a0,0x0000000083980000)
 Metaspace       used 34515K, capacity 35318K, committed 35416K, reserved 1079296K
  class space    used 4712K, capacity 4928K, committed 4992K, reserved 1048576K
GC Heap History (10 events):
Event: 4.525 GC heap after
Heap after GC invocations=6 (full 0):
 PSYoungGen      total 75264K, used 8322K [0x00000000d5580000, 0x00000000daa80000, 0x0000000100000000)
  eden space 65024K, 0% used [0x00000000d5580000,0x00000000d5580000,0x00000000d9500000)
  from space 10240K, 81% used [0x00000000d9f80000,0x00000000da7a0a30,0x00000000da980000)
  to   space 10752K, 0% used [0x00000000d9500000,0x00000000d9500000,0x00000000d9f80000)
 ParOldGen       total 86016K, used 6873K [0x0000000080000000, 0x0000000085400000, 0x00000000d5580000)
  object space 86016K, 7% used [0x0000000080000000,0x00000000806b66d0,0x0000000085400000)
 Metaspace       used 20554K, capacity 21154K, committed 21248K, reserved 1067008K
  class space    used 2878K, capacity 3059K, committed 3072K, reserved 1048576K
}
Event: 4.525 GC heap before
{Heap before GC invocations=7 (full 1):
 PSYoungGen      total 75264K, used 8322K [0x00000000d5580000, 0x00000000daa80000, 0x0000000100000000)
  eden space 65024K, 0% used [0x00000000d5580000,0x00000000d5580000,0x00000000d9500000)
  from space 10240K, 81% used [0x00000000d9f80000,0x00000000da7a0a30,0x00000000da980000)
  to   space 10752K, 0% used [0x00000000d9500000,0x00000000d9500000,0x00000000d9f80000)
 ParOldGen       total 86016K, used 6873K [0x0000000080000000, 0x0000000085400000, 0x00000000d5580000)
  object space 86016K, 7% used [0x0000000080000000,0x00000000806b66d0,0x0000000085400000)
 Metaspace       used 20554K, capacity 21154K, committed 21248K, reserved 1067008K
  class space    used 2878K, capacity 3059K, committed 3072K, reserved 1048576K
Event: 4.575 GC heap after
Heap after GC invocations=7 (full 1):
 PSYoungGen      total 75264K, used 0K [0x00000000d5580000, 0x00000000daa80000, 0x0000000100000000)
  eden space 65024K, 0% used [0x00000000d5580000,0x00000000d5580000,0x00000000d9500000)
  from space 10240K, 0% used [0x00000000d9f80000,0x00000000d9f80000,0x00000000da980000)
  to   space 10752K, 0% used [0x00000000d9500000,0x00000000d9500000,0x00000000d9f80000)
 ParOldGen       total 58880K, used 8857K [0x0000000080000000, 0x0000000083980000, 0x00000000d5580000)
  object space 58880K, 15% used [0x0000000080000000,0x00000000808a64a0,0x0000000083980000)
 Metaspace       used 20554K, capacity 21154K, committed 21248K, reserved 1067008K
  class space    used 2878K, capacity 3059K, committed 3072K, reserved 1048576K
}
Event: 5.720 GC heap before
{Heap before GC invocations=8 (full 1):
 PSYoungGen      total 75264K, used 65024K [0x00000000d5580000, 0x00000000daa80000, 0x0000000100000000)
  eden space 65024K, 100% used [0x00000000d5580000,0x00000000d9500000,0x00000000d9500000)
  from space 10240K, 0% used [0x00000000d9f80000,0x00000000d9f80000,0x00000000da980000)
  to   space 10752K, 0% used [0x00000000d9500000,0x00000000d9500000,0x00000000d9f80000)
 ParOldGen       total 58880K, used 8857K [0x0000000080000000, 0x0000000083980000, 0x00000000d5580000)
  object space 58880K, 15% used [0x0000000080000000,0x00000000808a64a0,0x0000000083980000)
 Metaspace       used 28420K, capacity 29098K, committed 29440K, reserved 1075200K
  class space    used 3826K, capacity 4038K, committed 4096K, reserved 1048576K
Event: 5.732 GC heap after
Heap after GC invocations=8 (full 1):
 PSYoungGen      total 75776K, used 7941K [0x00000000d5580000, 0x00000000dd000000, 0x0000000100000000)
  eden space 65024K, 0% used [0x00000000d5580000,0x00000000d5580000,0x00000000d9500000)
  from space 10752K, 73% used [0x00000000d9500000,0x00000000d9cc15e0,0x00000000d9f80000)
  to   space 11264K, 0% used [0x00000000dc500000,0x00000000dc500000,0x00000000dd000000)
 ParOldGen       total 58880K, used 8865K [0x0000000080000000, 0x0000000083980000, 0x00000000d5580000)
  object space 58880K, 15% used [0x0000000080000000,0x00000000808a84a0,0x0000000083980000)
 Metaspace       used 28420K, capacity 29098K, committed 29440K, reserved 1075200K
  class space    used 3826K, capacity 4038K, committed 4096K, reserved 1048576K
}
Event: 6.774 GC heap before
{Heap before GC invocations=9 (full 1):
 PSYoungGen      total 75776K, used 72965K [0x00000000d5580000, 0x00000000dd000000, 0x0000000100000000)
  eden space 65024K, 100% used [0x00000000d5580000,0x00000000d9500000,0x00000000d9500000)
  from space 10752K, 73% used [0x00000000d9500000,0x00000000d9cc15e0,0x00000000d9f80000)
  to   space 11264K, 0% used [0x00000000dc500000,0x00000000dc500000,0x00000000dd000000)
 ParOldGen       total 58880K, used 8865K [0x0000000080000000, 0x0000000083980000, 0x00000000d5580000)
  object space 58880K, 15% used [0x0000000080000000,0x00000000808a84a0,0x0000000083980000)
 Metaspace       used 32101K, capacity 32860K, committed 33024K, reserved 1077248K
  class space    used 4373K, capacity 4585K, committed 4608K, reserved 1048576K
Event: 6.786 GC heap after
Heap after GC invocations=9 (full 1):
 PSYoungGen      total 113152K, used 8911K [0x00000000d5580000, 0x00000000dd000000, 0x0000000100000000)
  eden space 101888K, 0% used [0x00000000d5580000,0x00000000d5580000,0x00000000db900000)
  from space 11264K, 79% used [0x00000000dc500000,0x00000000dcdb3c28,0x00000000dd000000)
  to   space 11776K, 0% used [0x00000000db900000,0x00000000db900000,0x00000000dc480000)
 ParOldGen       total 58880K, used 8873K [0x0000000080000000, 0x0000000083980000, 0x00000000d5580000)
  object space 58880K, 15% used [0x0000000080000000,0x00000000808aa4a0,0x0000000083980000)
 Metaspace       used 32101K, capacity 32860K, committed 33024K, reserved 1077248K
  class space    used 4373K, capacity 4585K, committed 4608K, reserved 1048576K
}
Event: 7.376 GC heap before
{Heap before GC invocations=10 (full 1):
 PSYoungGen      total 113152K, used 58832K [0x00000000d5580000, 0x00000000dd000000, 0x0000000100000000)
  eden space 101888K, 48% used [0x00000000d5580000,0x00000000d86405b0,0x00000000db900000)
  from space 11264K, 79% used [0x00000000dc500000,0x00000000dcdb3c28,0x00000000dd000000)
  to   space 11776K, 0% used [0x00000000db900000,0x00000000db900000,0x00000000dc480000)
 ParOldGen       total 58880K, used 8873K [0x0000000080000000, 0x0000000083980000, 0x00000000d5580000)
  object space 58880K, 15% used [0x0000000080000000,0x00000000808aa4a0,0x0000000083980000)
 Metaspace       used 34515K, capacity 35318K, committed 35416K, reserved 1079296K
  class space    used 4712K, capacity 4928K, committed 4992K, reserved 1048576K
Event: 7.389 GC heap after
Heap after GC invocations=10 (full 1):
 PSYoungGen      total 113664K, used 9519K [0x00000000d5580000, 0x00000000df500000, 0x0000000100000000)
  eden space 101888K, 0% used [0x00000000d5580000,0x00000000d5580000,0x00000000db900000)
  from space 11776K, 80% used [0x00000000db900000,0x00000000dc24bd70,0x00000000dc480000)
  to   space 12288K, 0% used [0x00000000de900000,0x00000000de900000,0x00000000df500000)
 ParOldGen       total 58880K, used 8881K [0x0000000080000000, 0x0000000083980000, 0x00000000d5580000)
  object space 58880K, 15% used [0x0000000080000000,0x00000000808ac4a0,0x0000000083980000)
 Metaspace       used 34515K, capacity 35318K, committed 35416K, reserved 1079296K
  class space    used 4712K, capacity 4928K, committed 4992K, reserved 1048576K
}
Event: 7.389 GC heap before
{Heap before GC invocations=11 (full 2):
 PSYoungGen      total 113664K, used 9519K [0x00000000d5580000, 0x00000000df500000, 0x0000000100000000)
  eden space 101888K, 0% used [0x00000000d5580000,0x00000000d5580000,0x00000000db900000)
  from space 11776K, 80% used [0x00000000db900000,0x00000000dc24bd70,0x00000000dc480000)
  to   space 12288K, 0% used [0x00000000de900000,0x00000000de900000,0x00000000df500000)
 ParOldGen       total 58880K, used 8881K [0x0000000080000000, 0x0000000083980000, 0x00000000d5580000)
  object space 58880K, 15% used [0x0000000080000000,0x00000000808ac4a0,0x0000000083980000)
 Metaspace       used 34515K, capacity 35318K, committed 35416K, reserved 1079296K
  class space    used 4712K, capacity 4928K, committed 4992K, reserved 1048576K

